~~BEGIN-OS-INFORMATION~~
STAT_NAME                                                    STAT_VALUE
------------------------------------------------------------ ------------------------------------------------------------
STATSPACK_MINER_VER                                          4.0.11.statspack.32
NUM_CPUS                                                     2
NUM_CPU_CORES                                                1
NUM_CPU_SOCKETS                                              1
PHYSICAL_MEMORY_GB                                           15.35
GLOBAL_CPU_COUNT                                             2
GLOBAL_CPU_CORE_COUNT                                        1
GLOBAL_CPU_SOCKET_COUNT                                      1
PLATFORM_NAME                                                Linux_x86_64-bit
VERSION                                                      19.0.0.0.0
DB_NAME                                                      ORCL01
DBID                                                         96266285
BANNER                                                       Oracle Database 19c Standard Edition 2 Release 19.0.0.0.0 - Production
INSTANCES                                                    1
STATSPACK_SNAPSHOTS                                          23
INSTANCES_CURRENT                                            1
HOSTS                                                        ip-172-23-0-137
HOSTS_CURRENT                                                ip-172-23-0-137
TOTAL_DB_SIZE_GB                                             2
TOTAL_DATAFILE_SIZE_GB                                       2
USED_DB_SIZE_GB                                              1
DB_CPU_THREADS_AVERAGE_P99                                   .01
DB_IOPS_AVERAGE_P99                                          7.8
DB_IOMB_AVERAGE_P99                                          .1
DB_SGAPGA_TOTAL                                              11.6
COUNT_DB_LINKS                                               0
COUNT_LINES_PLSQL                                            6165
COUNT_SCHEMAS                                                2
COUNT_PDBS                                                   -1
COUNT_INDEX                                                  73
COUNT_PACKAGE                                                1
COUNT_SEQUENCE                                               1
COUNT_TABLE                                                  73
COUNT_VIEW                                                   1
COUNT_TABLES_HCC                                             0
COUNT_BITMAP_INDEX                                           0
COUNT_MATVIEWS_REWRITE_ENABLED                               0
COUNT_VPD_POLICIES                                           0
FEATURE_Resource Manager                                     Yes
IS_RDS                                                       YES
LOCAL_LISTENER                                               (ADDRESS=(PROTOCOL=TCP)(HOST=10.1.81.122)(PORT=1521))
DEBUG_MODULE                                                 SQL*Plus
DEBUG_SQLPLUS                                                1923000000
DEBUG_control_management_pack_access                         NONE
MEMORY_TARGET                                                0
NLS_COMP                                                     BINARY
NLS_SORT
SGA_TARGET                                                   12213813248
DEBUG_statistics_level                                       TYPICAL
DEBUG_timed_statistics                                       TRUE
~~END-OS-INFORMATION~~
Elapsed: 00:00:00.74


..Gathering MEMORY

~~BEGIN-MEMORY~~

   SNAP_ID INSTANCE_NUMBER        SGA        PGA      TOTAL
---------- --------------- ---------- ---------- ----------
         2               1       11.1         .5       11.6
         3               1       11.1         .5       11.6
         4               1       11.1         .5       11.6
         5               1       11.1         .5       11.6
         6               1       11.1         .5       11.6
         7               1       11.1         .5       11.6
         8               1       11.1         .5       11.6
         9               1       11.1         .5       11.6
        10               1       11.1         .5       11.6
        11               1       11.1         .5       11.6
        12               1       11.1         .5       11.6
        13               1       11.1         .5       11.6
        14               1       11.1         .5       11.6
        15               1       11.1         .5       11.6
        16               1       11.1         .5       11.6
        17               1       11.1         .5       11.6
        18               1       11.1         .5       11.6
        19               1       11.1         .5       11.6
        20               1       11.1         .5       11.6
        21               1       11.1         .5       11.6
        22               1       11.1         .5       11.6
        23               1       11.1         .5       11.6

~~END-MEMORY~~
Elapsed: 00:00:00.00


..Gathering SIZE-ON-DISK

~~BEGIN-SIZE-ON-DISK~~

   SNAP_ID    SIZE_GB
---------- ----------
         2          2
         3          2
         4          2
         5          2
         6          2
         7          2
         8          2
         9          2
        10          2
        11          2
        12          2
        13          2
        14          2
        15          2
        16          2
        17          2
        18          2
        19          2
        20          2
        21          2
        22          2
        23          2

~~END-SIZE-ON-DISK~~
Elapsed: 00:00:00.03


..Gathering MAIN-METRICS

~~BEGIN-MAIN-METRICS~~

      snap      dur_m end                  inst  cpu_per_s  read_iops  read_mb_s write_iops write_mb_s  commits_s
---------- ---------- -------------- ---------- ---------- ---------- ---------- ---------- ---------- ----------
         2        8.5 26/01/13 05:43          1  .00629518        4.6         .1        1.2          0          0
         3       16.9 26/01/13 06:00          1  .00559768        4.5         .1        3.3          0          0
         4         60 26/01/13 07:00          1 .005298899        4.3         .1        1.2          0          0
         5         60 26/01/13 08:00          1 .005143238        4.3         .1        1.2          0          0
         6         60 26/01/13 09:00          1 .005258339        4.4         .1        1.2          0          0
         7         60 26/01/13 10:00          1 .005188144        4.4         .1        1.2          0          0
         8         60 26/01/13 11:00          1   .0053749        4.4         .1        1.2          0          0
         9         60 26/01/13 12:00          1 .005260068        4.4         .1        1.2          0          0
        10         60 26/01/13 13:00          1 .005138386        4.4         .1        1.2          0          0
        11         60 26/01/13 14:00          1 .005365494        4.3         .1        1.2          0          0
        12         60 26/01/13 15:00          1 .005298155        4.4         .1        1.2          0          0
        13         60 26/01/13 16:00          1 .005323636        4.4         .1        1.2          0          0
        14         60 26/01/13 17:00          1 .005248521        4.4         .1        1.2          0          0
        15         60 26/01/13 18:00          1 .005312442        4.4         .1        1.2          0          0
        16         60 26/01/13 19:00          1 .005508334        4.4         .1        1.2          0          0
        17         60 26/01/13 20:00          1 .005473746        4.4         .1        1.2          0          0
        18         60 26/01/13 21:00          1 .005388219        4.4         .1        1.2          0          0
        19         60 26/01/13 22:00          1 .005343149        4.4         .1        1.2          0          0
        20         60 26/01/13 23:00          1 .009410299        4.4         .1        3.4          0         .9
        21         60 26/01/14 00:00          1 .005452095        4.4         .1        1.2          0          0
        22         60 26/01/14 01:00          1 .005415496        4.4         .1        1.2          0          0
        23         60 26/01/14 02:00          1  .00574466        4.4         .1        1.4          0          0

~~END-MAIN-METRICS~~
Elapsed: 00:00:00.02




..Gathering TOP-N-TIMED-EVENTS

~~BEGIN-TOP-N-TIMED-EVENTS~~

   SNAP_ID WAIT_CLASS           EVENT_NAME                                                       PCTDBT TOTAL_TIME_S
---------- -------------------- ------------------------------------------------------------ ---------- ------------
         2 System I/O           control file sequential read                                      83.02      1627867
         2 DB CPU               DB CPU                                                            80.35      1575619
         2 System I/O           control file parallel write                                       24.47       479882
         2 User I/O             Disk file operations I/O                                          10.01       196269
         2 System I/O           log file parallel write                                            3.06        59913
         3 System I/O           control file sequential read                                     120.07      4202947
         3 DB CPU               DB CPU                                                            67.61      2366699
         3 System I/O           control file parallel write                                       28.62      1001764
         3 User I/O             Disk file operations I/O                                          13.07       457491
         3 Other                oracle thread bootstrap                                            4.64       162419
         4 System I/O           control file sequential read                                     105.54     12154411
         4 DB CPU               DB CPU                                                            67.98      7829109
         4 System I/O           control file parallel write                                        33.1      3811506
         4 User I/O             Disk file operations I/O                                          11.64      1340630
         4 Other                oracle thread bootstrap                                            2.68       308255
         5 System I/O           control file sequential read                                      95.49     11890333
         5 DB CPU               DB CPU                                                            61.16      7615544
         5 System I/O           control file parallel write                                       29.21      3636750
         5 User I/O             Disk file operations I/O                                          12.32      1533721
         5 Commit               log file sync                                                      4.54       565671
         6 System I/O           control file sequential read                                     115.64     12101375
         6 DB CPU               DB CPU                                                            72.03      7537546
         6 System I/O           control file parallel write                                       35.52      3717066
         6 User I/O             Disk file operations I/O                                          14.47      1514716
         6 Other                oracle thread bootstrap                                            3.01       314473
         7 System I/O           control file sequential read                                     107.25     12174847
         7 DB CPU               DB CPU                                                            66.86      7590002
         7 System I/O           control file parallel write                                       32.44      3681996
         7 User I/O             Disk file operations I/O                                          11.45      1299436
         7 Other                oracle thread bootstrap                                            3.01       341991
         8 System I/O           control file sequential read                                     102.08     12221964
         8 DB CPU               DB CPU                                                            65.57      7850672
         8 System I/O           control file parallel write                                       31.69      3794017
         8 User I/O             Disk file operations I/O                                          11.46      1371606
         8 Other                oracle thread bootstrap                                            5.34       639706
         9 System I/O           control file sequential read                                     105.57     12229632
         9 DB CPU               DB CPU                                                            66.24      7673870
         9 System I/O           control file parallel write                                       32.41      3754309
         9 User I/O             Disk file operations I/O                                          11.92      1381328
         9 Other                oracle thread bootstrap                                            2.35       272292
        10 System I/O           control file sequential read                                     103.61     11950365
        10 DB CPU               DB CPU                                                            66.22      7638111
        10 System I/O           control file parallel write                                       31.74      3660625
        10 User I/O             Disk file operations I/O                                          11.77      1357082
        10 Other                oracle thread bootstrap                                            4.13       476782
        11 System I/O           control file sequential read                                     100.73     11979627
        11 DB CPU               DB CPU                                                            66.46      7904425
        11 System I/O           control file parallel write                                       30.65      3645176
        11 User I/O             Disk file operations I/O                                          10.91      1297694
        11 Other                oracle thread bootstrap                                            3.72       441853
        12 System I/O           control file sequential read                                      88.85     12085490
        12 DB CPU               DB CPU                                                            58.19      7915170
        12 System I/O           control file parallel write                                       27.83      3784970
        12 User I/O             Disk file operations I/O                                           9.64      1311562
        12 Other                oracle thread bootstrap                                             5.5       748389
        13 System I/O           control file sequential read                                      118.7     12214869
        13 DB CPU               DB CPU                                                            74.04      7619046
        13 System I/O           control file parallel write                                       35.59      3662955
        13 User I/O             Disk file operations I/O                                          13.01      1338578
        13 System I/O           log file parallel write                                            3.22       331460
        14 System I/O           control file sequential read                                     103.95     11955518
        14 DB CPU               DB CPU                                                            65.74      7560511
        14 System I/O           control file parallel write                                       31.55      3628978
        14 User I/O             Disk file operations I/O                                          14.16      1628528
        14 Other                oracle thread bootstrap                                            3.68       423275
        15 System I/O           control file sequential read                                      98.81     12137456
        15 DB CPU               DB CPU                                                            62.21      7641827
        15 System I/O           control file parallel write                                       30.41      3735629
        15 User I/O             Disk file operations I/O                                          12.88      1582535
        15 Commit               log file sync                                                      3.55       435769
        16 System I/O           control file sequential read                                      98.63     12033675
        16 DB CPU               DB CPU                                                            63.79      7783542
        16 System I/O           control file parallel write                                        30.2      3684124
        16 User I/O             Disk file operations I/O                                          11.48      1401164
        16 Other                oracle thread bootstrap                                               3       365573
        17 System I/O           control file sequential read                                     105.33     12162366
        17 DB CPU               DB CPU                                                            68.29      7885485
        17 System I/O           control file parallel write                                       31.79      3670965
        17 User I/O             Disk file operations I/O                                          11.86      1369654
        17 Other                oracle thread bootstrap                                            2.83       326643
        18 System I/O           control file sequential read                                     105.16     12319050
        18 DB CPU               DB CPU                                                            64.39      7542628
        18 System I/O           control file parallel write                                       31.19      3654247
        18 User I/O             Disk file operations I/O                                          12.29      1439156
        18 Commit               log file sync                                                      2.84       332596
        19 System I/O           control file sequential read                                     103.87     12376684
        19 DB CPU               DB CPU                                                            63.71      7591089
        19 System I/O           control file parallel write                                        30.6      3646603
        19 User I/O             Disk file operations I/O                                          11.96      1425503
        19 Other                oracle thread bootstrap                                            5.54       660229
        20 DB CPU               DB CPU                                                            82.59     22405610
        20 System I/O           control file sequential read                                      43.03     11672690
        20 System I/O           control file parallel write                                       13.44      3644731
        20 System I/O           log file parallel write                                            8.09      2195297
        20 User I/O             Disk file operations I/O                                           5.51      1495784
        21 System I/O           control file sequential read                                       95.2     12397356
        21 DB CPU               DB CPU                                                            60.29      7851167
        21 System I/O           control file parallel write                                       28.32      3688201
        21 User I/O             Disk file operations I/O                                           9.98      1299528
        21 Other                oracle thread bootstrap                                            3.39       440834
        22 System I/O           control file sequential read                                     116.47     12393220
        22 DB CPU               DB CPU                                                            72.28      7691438
        22 System I/O           control file parallel write                                       35.49      3775945
        22 User I/O             Disk file operations I/O                                          13.04      1387212
        22 Other                oracle thread bootstrap                                            3.07       327193
        23 System I/O           control file sequential read                                      95.76     11440219
        23 DB CPU               DB CPU                                                            65.46      7820566
        23 System I/O           control file parallel write                                       31.06      3710657
        23 User I/O             Disk file operations I/O                                          12.75      1523568
        23 System I/O           log file parallel write                                            4.84       577968

~~END-TOP-N-TIMED-EVENTS~~
Elapsed: 00:00:00.07


..Gathering SYSSTAT

~~BEGIN-SYSSTAT~~

      SNAP cell_flash_hits  read_iops write_iops    read_mb read_mb_opt read_nt_iops write_nt_iops read_nt_mb write_nt_mb cell_int_mb cell_int_ss_mb cell_si_save_mb cell_bytes_elig_mb cell_hcc_bytes_mb read_multi_iops read_temp_iops write_temp_iops network_incoming_mb network_outgoing_mb
---------- --------------- ---------- ---------- ---------- ----------- ------------ ------------- ---------- ----------- ----------- -------------- --------------- ------------------ ----------------- --------------- -------------- --------------- ------------------- -------------------
         2               0        4.6        1.2         .1           0            0            .1          0           0          .1              0               0                  0                 0              .1              0               0                   0                   0
         3               0        4.5        3.3         .1           0            0           2.2          0           0          .1              0               0                  0                 0              .1              0               0                   0                   0
         4               0        4.3        1.2         .1           0            0            .1          0           0          .1              0               0                  0                 0              .1              0               0                   0                   0
         5               0        4.3        1.2         .1           0            0            .1          0           0          .1              0               0                  0                 0              .1              0               0                   0                   0
         6               0        4.4        1.2         .1           0            0            .1          0           0          .1              0               0                  0                 0              .1              0               0                   0                   0
         7               0        4.4        1.2         .1           0            0            .1          0           0          .1              0               0                  0                 0              .1              0               0                   0                   0
         8               0        4.4        1.2         .1           0            0            .1          0           0          .1              0               0                  0                 0              .1              0               0                   0                   0
         9               0        4.4        1.2         .1           0            0            .1          0           0          .1              0               0                  0                 0              .1              0               0                   0                   0
        10               0        4.4        1.2         .1           0            0            .1          0           0          .1              0               0                  0                 0              .1              0               0                   0                   0
        11               0        4.3        1.2         .1           0            0            .1          0           0          .1              0               0                  0                 0              .1              0               0                   0                   0
        12               0        4.4        1.2         .1           0            0            .1          0           0          .1              0               0                  0                 0              .1              0               0                   0                   0
        13               0        4.4        1.2         .1           0            0            .1          0           0          .1              0               0                  0                 0              .1              0               0                   0                   0
        14               0        4.4        1.2         .1           0            0            .1          0           0          .1              0               0                  0                 0              .1              0               0                   0                   0
        15               0        4.4        1.2         .1           0            0            .1          0           0          .1              0               0                  0                 0              .1              0               0                   0                   0
        16               0        4.4        1.2         .1           0            0            .1          0           0          .1              0               0                  0                 0              .1              0               0                   0                   0
        17               0        4.4        1.2         .1           0            0            .1          0           0          .1              0               0                  0                 0              .1              0               0                   0                   0
        18               0        4.4        1.2         .1           0            0            .1          0           0          .1              0               0                  0                 0              .1              0               0                   0                   0
        19               0        4.4        1.2         .1           0            0            .1          0           0          .1              0               0                  0                 0              .1              0               0                   0                   0
        20               0        4.4        3.4         .1           0            0           1.2          0           0          .2              0               0                  0                 0              .1              0               0                   0                   0
        21               0        4.4        1.2         .1           0            0            .1          0           0          .1              0               0                  0                 0              .1              0               0                   0                   0
        22               0        4.4        1.2         .1           0            0            .1          0           0          .1              0               0                  0                 0              .1              0               0                   0                   0
        23               0        4.4        1.4         .1           0            0            .1          0           0          .1              0               0                  0                 0              .1              0               0                   0                   0

~~END-SYSSTAT~~
Elapsed: 00:00:00.02


..Gathering FEATURES

~~BEGIN-FEATURES~

NAME                                                             DETECTED_USAGES TOTAL_SAMPLES CURRE  AUX_COUNT LAST_SAMPLE_DATE     FEATURE_INFO
---------------------------------------------------------------- --------------- ------------- ----- ---------- -------------------- ------------------------------------------------------------------------------------------------------------------------------------------------------------------------------------------------------------------------------------------------------------------------------------------------------------------------------------------------------------------------------------------------------------------------------------------------------------------------------------------------------------------------------------------------------------------------------------------------------------------------
Adaptive Plans                                                                 1             1 TRUE             09-JAN-2026          Total number of queries: 2628 Number of queries with an adaptive plan: 0 Percent
Automatic Maintenance - Optimizer Statistics Gathering                         1             1 TRUE           0 09-JAN-2026
Automatic Maintenance - SQL Tuning Advisor                                     1             1 TRUE           0 09-JAN-2026
Automatic Maintenance - Space Advisor                                          1             1 TRUE           0 09-JAN-2026
Automatic Reoptimization                                                       1             1 TRUE             09-JAN-2026          Total number of queries: 2660 Number of reoptimizable queries: 44 Percentage of
Automatic SGA Tuning                                                           1             1 TRUE           0 09-JAN-2026          :sga_target:12213813248:sga_max_size:12213813248:comp:shared pool:cur:1677721600
Automatic SQL Execution Memory                                                 1             1 TRUE           0 09-JAN-2026
Automatic Segment Space Management (system)                                    1             1 TRUE           3 09-JAN-2026          (Segment Space Management: MANUAL, TS Count: 2, Size MB: 1020) (Segment Space Ma
Automatic Segment Space Management (user)                                      1             1 TRUE             09-JAN-2026
Automatic Undo Management                                                      1             1 TRUE           1 09-JAN-2026          (Retention: NOGUARANTEE, TS Count: 1, Size MB: 320) (Undo Blocks: 3133, Max Conc
Bigfile Tablespace                                                             1             1 TRUE             09-JAN-2026
Character Set                                                                  1             1 TRUE             09-JAN-2026          AL32UTF8
Deferred Segment Creation                                                      1             1 TRUE           0 09-JAN-2026          Deferred Segment Creation  Parameter:1 Total Deferred Segments:0 Total Created S
Extensibility                                                                  1             1 TRUE           0 09-JAN-2026          num of user-defined operators: 0,num of user-defined aggregates: 0,num of table
LOB                                                                            1             1 TRUE             09-JAN-2026
Locally Managed Tablespaces (system)                                           1             1 TRUE           5 09-JAN-2026          (Extent Management: LOCAL, TS Count: 5, Size MB: 1791)
Locally Managed Tablespaces (user)                                             1             1 TRUE             09-JAN-2026
Object                                                                         1             1 TRUE           0 09-JAN-2026          num of object types: 1,num of object tables: 0,num of adt and ref columns: 0,num
Oracle Call Interface (OCI)                                                    1             1 TRUE             09-JAN-2026          Driver Versions=(21.3.0.0.0,23.2.0.0.0),Client Lib Versions=(21.3.0.0.0,23.2.0.0
Oracle Managed Files                                                           1             1 TRUE             09-JAN-2026
Oracle Utility External Table (ORACLE_LOADER)                                  1             1 TRUE          15 09-JAN-2026          Oracle Utility External Table (ORACLE_LOADER) invoked 15 times
Partitioning (system)                                                          1             1 TRUE        8.44 09-JAN-2026          1:T:I::1048575:0:1:::::1::0:ON-0::N:N::0::0::::N|1:I:I::1048575:0:1::LP:N:NU:1::
Resource Manager                                                               1             1 TRUE           0 09-JAN-2026          Non-Maintenance CPU Management: 1, Non-Maintenance Other Management: 0
SQL Plan Directive                                                             1             1 TRUE           4 09-JAN-2026          Number of directives with type, DYNAMIC_SAMPLING: 4 Number of Directives with re
SQL*Plus                                                                       1             1 TRUE             09-JAN-2026          Client Lib Versions=(19.28.0.0.0,19.23.0.0.0),Charsets=(US7ASCII)
SecureFiles (system)                                                           1             1 TRUE         380 09-JAN-2026
SecureFiles (user)                                                             1             1 TRUE          19 09-JAN-2026
Server Parameter File                                                          1             1 TRUE             09-JAN-2026
Services                                                                       1             1 TRUE           1 09-JAN-2026           num_clb_long: 1 num_clb_short: 0 num_goal_service_time: 0 num_goal_throughput:
Unified Audit                                                                  1             1 TRUE           0 09-JAN-2026          Pure Unified Auditing=FALSE; Number of Unified Audit policies=7; Number of Enabl

~~END-FEATURES~~
Elapsed: 00:00:00.04


..Gathering SGA-ADVICE

~~BEGIN-SGA-ADVICE~~

   INST_ID   SGA_SIZE SGA_SIZE_FACTOR ESTD_DB_TIME ESTD_DB_TIME_FACTOR ESTD_PHYSICAL_READS SGA_TARGET
---------- ---------- --------------- ------------ ------------------- ------------------- ----------
         1       2912             .25         1595                   1               39565      11648
         1       4368            .375         1595                   1               39565      11648
         1       5824              .5         1595                   1               39565      11648
         1       7280            .625         1595                   1               39565      11648
         1       8736             .75         1595                   1               39565      11648
         1      10192            .875         1595                   1               39565      11648
         1      11648               1         1595                   1               39565      11648
         1      13104           1.125         1595                   1               39565      11648
         1      14560            1.25         1595                   1               39565      11648
         1      16016           1.375         1595                   1               39565      11648
         1      17472             1.5         1595                   1               39565      11648
         1      18928           1.625         1595                   1               39565      11648
         1      20384            1.75         1595                   1               39565      11648
         1      21840           1.875         1595                   1               39565      11648
         1      23296               2         1595                   1               39565      11648

~~END-SGA-ADVICE~~
Elapsed: 00:00:00.04


..Gathering MEMORY-ADVICE
Elapsed: 00:00:00.01


..Gathering EBS-PRODUCTS
This is OK if the next query returns a table or view does not exist message:

  from fnd_product_installations fpi, fnd_application fa, fnd_application_tl fat, fnd_oracle_userid fou
                                                                                  *
ERROR at line 5:
ORA-00942: table or view does not exist


Elapsed: 00:00:00.00


..Gathering EBS-OACORE-MEMORY
This is OK if the next query returns a table or view does not exist message:

  from fnd_oam_context_files foc
       *
ERROR at line 3:
ORA-00942: table or view does not exist


Elapsed: 00:00:00.00


..Data collection complete